<?xml version="1.0" encoding="UTF-8"?>
<testng-results skipped="0" failed="0" ignored="0" total="1" passed="1">
  <reporter-output>
  </reporter-output>
  <suite name="Default suite" duration-ms="8932" started-at="2019-09-13T20:26:54Z" finished-at="2019-09-13T20:27:03Z">
    <groups>
    </groups>
    <test name="Default test" duration-ms="8932" started-at="2019-09-13T20:26:54Z" finished-at="2019-09-13T20:27:03Z">
      <class name="test.TechfiosTest">
        <test-method status="PASS" signature="launchBrowser()[pri:0, instance:test.TechfiosTest@523884b2]" name="launchBrowser" is-config="true" duration-ms="6309" started-at="2019-09-13T20:26:54Z" finished-at="2019-09-13T20:27:00Z">
          <reporter-output>
          </reporter-output>
        </test-method> <!-- launchBrowser -->
        <test-method status="PASS" signature="validUserShouldBeAbleToAddACategory()[pri:0, instance:test.TechfiosTest@523884b2]" name="validUserShouldBeAbleToAddACategory" duration-ms="2604" started-at="2019-09-13T20:27:00Z" finished-at="2019-09-13T20:27:03Z">
          <reporter-output>
          </reporter-output>
        </test-method> <!-- validUserShouldBeAbleToAddACategory -->
      </class> <!-- test.TechfiosTest -->
    </test> <!-- Default test -->
  </suite> <!-- Default suite -->
</testng-results>
